# JRE version: Java(TM) SE Runtime Environment (8.0_20-b26) (build 1.8.0_20-b26)
# Java VM: Java HotSpot(TM) 64-Bit Server VM (25.20-b23 mixed mode windows-amd64 compressed oops)
Heap:
 PSYoungGen      total 172544K, used 27886K [0x00000000d6380000, 0x00000000e2000000, 0x0000000100000000)
  eden space 162304K, 11% used [0x00000000d6380000,0x00000000d75387c8,0x00000000e0200000)
  from space 10240K, 95% used [0x00000000e0780000,0x00000000e1103378,0x00000000e1180000)
  to   space 14848K, 0% used [0x00000000e1180000,0x00000000e1180000,0x00000000e2000000)
 ParOldGen       total 96256K, used 56561K [0x0000000082a00000, 0x0000000088800000, 0x00000000d6380000)
  object space 96256K, 58% used [0x0000000082a00000,0x000000008613c570,0x0000000088800000)
 Metaspace       used 58614K, capacity 62710K, committed 62848K, reserved 1103872K
  class space    used 7335K, capacity 8011K, committed 8064K, reserved 1048576K
GC Heap History (10 events):
Event: 3297.502 GC heap before
{Heap before GC invocations=34 (full 6):
 PSYoungGen      total 178176K, used 160256K [0x00000000d6380000, 0x00000000e2780000, 0x0000000100000000)
  eden space 160256K, 100% used [0x00000000d6380000,0x00000000e0000000,0x00000000e0000000)
  from space 17920K, 0% used [0x00000000e0000000,0x00000000e0000000,0x00000000e1180000)
  to   space 17408K, 0% used [0x00000000e1680000,0x00000000e1680000,0x00000000e2780000)
 ParOldGen       total 96256K, used 50619K [0x0000000082a00000, 0x0000000088800000, 0x00000000d6380000)
  object space 96256K, 52% used [0x0000000082a00000,0x0000000085b6ec30,0x0000000088800000)
 Metaspace       used 56081K, capacity 59894K, committed 60032K, reserved 1101824K
  class space    used 7134K, capacity 7760K, committed 7808K, reserved 1048576K
Event: 3297.505 GC heap after
Heap after GC invocations=34 (full 6):
 PSYoungGen      total 183808K, used 6808K [0x00000000d6380000, 0x00000000e2800000, 0x0000000100000000)
  eden space 166400K, 0% used [0x00000000d6380000,0x00000000d6380000,0x00000000e0600000)
  from space 17408K, 39% used [0x00000000e1680000,0x00000000e1d26168,0x00000000e2780000)
  to   space 16896K, 0% used [0x00000000e0600000,0x00000000e0600000,0x00000000e1680000)
 ParOldGen       total 96256K, used 50627K [0x0000000082a00000, 0x0000000088800000, 0x00000000d6380000)
  object space 96256K, 52% used [0x0000000082a00000,0x0000000085b70c30,0x0000000088800000)
 Metaspace       used 56081K, capacity 59894K, committed 60032K, reserved 1101824K
  class space    used 7134K, capacity 7760K, committed 7808K, reserved 1048576K
}
Event: 3341.461 GC heap before
{Heap before GC invocations=35 (full 6):
 PSYoungGen      total 183808K, used 168995K [0x00000000d6380000, 0x00000000e2800000, 0x0000000100000000)
  eden space 166400K, 97% used [0x00000000d6380000,0x00000000e01e2dc8,0x00000000e0600000)
  from space 17408K, 39% used [0x00000000e1680000,0x00000000e1d26168,0x00000000e2780000)
  to   space 16896K, 0% used [0x00000000e0600000,0x00000000e0600000,0x00000000e1680000)
 ParOldGen       total 96256K, used 50627K [0x0000000082a00000, 0x0000000088800000, 0x00000000d6380000)
  object space 96256K, 52% used [0x0000000082a00000,0x0000000085b70c30,0x0000000088800000)
 Metaspace       used 56849K, capacity 60768K, committed 60928K, reserved 1101824K
  class space    used 7182K, capacity 7816K, committed 7936K, reserved 1048576K
Event: 3341.464 GC heap after
Heap after GC invocations=35 (full 6):
 PSYoungGen      total 183296K, used 7056K [0x00000000d6380000, 0x00000000e2700000, 0x0000000100000000)
  eden space 166400K, 0% used [0x00000000d6380000,0x00000000d6380000,0x00000000e0600000)
  from space 16896K, 41% used [0x00000000e0600000,0x00000000e0ce4030,0x00000000e1680000)
  to   space 16384K, 0% used [0x00000000e1700000,0x00000000e1700000,0x00000000e2700000)
 ParOldGen       total 96256K, used 50635K [0x0000000082a00000, 0x0000000088800000, 0x00000000d6380000)
  object space 96256K, 52% used [0x0000000082a00000,0x0000000085b72c30,0x0000000088800000)
 Metaspace       used 56849K, capacity 60768K, committed 60928K, reserved 1101824K
  class space    used 7182K, capacity 7816K, committed 7936K, reserved 1048576K
}
Event: 3341.464 GC heap before
{Heap before GC invocations=36 (full 7):
 PSYoungGen      total 183296K, used 7056K [0x00000000d6380000, 0x00000000e2700000, 0x0000000100000000)
  eden space 166400K, 0% used [0x00000000d6380000,0x00000000d6380000,0x00000000e0600000)
  from space 16896K, 41% used [0x00000000e0600000,0x00000000e0ce4030,0x00000000e1680000)
  to   space 16384K, 0% used [0x00000000e1700000,0x00000000e1700000,0x00000000e2700000)
 ParOldGen       total 96256K, used 50635K [0x0000000082a00000, 0x0000000088800000, 0x00000000d6380000)
  object space 96256K, 52% used [0x0000000082a00000,0x0000000085b72c30,0x0000000088800000)
 Metaspace       used 56849K, capacity 60768K, committed 60928K, reserved 1101824K
  class space    used 7182K, capacity 7816K, committed 7936K, reserved 1048576K
Event: 3341.600 GC heap after
Heap after GC invocations=36 (full 7):
 PSYoungGen      total 183296K, used 0K [0x00000000d6380000, 0x00000000e2700000, 0x0000000100000000)
  eden space 166400K, 0% used [0x00000000d6380000,0x00000000d6380000,0x00000000e0600000)
  from space 16896K, 0% used [0x00000000e0600000,0x00000000e0600000,0x00000000e1680000)
  to   space 16384K, 0% used [0x00000000e1700000,0x00000000e1700000,0x00000000e2700000)
 ParOldGen       total 96256K, used 56545K [0x0000000082a00000, 0x0000000088800000, 0x00000000d6380000)
  object space 96256K, 58% used [0x0000000082a00000,0x0000000086138570,0x0000000088800000)
 Metaspace       used 56800K, capacity 60690K, committed 60928K, reserved 1101824K
  class space    used 7175K, capacity 7803K, committed 7936K, reserved 1048576K
}
Event: 3342.361 GC heap before
{Heap before GC invocations=37 (full 7):
 PSYoungGen      total 183296K, used 166400K [0x00000000d6380000, 0x00000000e2700000, 0x0000000100000000)
  eden space 166400K, 100% used [0x00000000d6380000,0x00000000e0600000,0x00000000e0600000)
  from space 16896K, 0% used [0x00000000e0600000,0x00000000e0600000,0x00000000e1680000)
  to   space 16384K, 0% used [0x00000000e1700000,0x00000000e1700000,0x00000000e2700000)
 ParOldGen       total 96256K, used 56545K [0x0000000082a00000, 0x0000000088800000, 0x00000000d6380000)
  object space 96256K, 58% used [0x0000000082a00000,0x0000000086138570,0x0000000088800000)
 Metaspace       used 57307K, capacity 61228K, committed 61440K, reserved 1103872K
  class space    used 7230K, capacity 7876K, committed 7936K, reserved 1048576K
Event: 3342.365 GC heap after
Heap after GC invocations=37 (full 7):
 PSYoungGen      total 184320K, used 6993K [0x00000000d6380000, 0x00000000e2b80000, 0x0000000100000000)
  eden space 167936K, 0% used [0x00000000d6380000,0x00000000d6380000,0x00000000e0780000)
  from space 16384K, 42% used [0x00000000e1700000,0x00000000e1dd4480,0x00000000e2700000)
  to   space 15872K, 0% used [0x00000000e0780000,0x00000000e0780000,0x00000000e1700000)
 ParOldGen       total 96256K, used 56553K [0x0000000082a00000, 0x0000000088800000, 0x00000000d6380000)
  object space 96256K, 58% used [0x0000000082a00000,0x000000008613a570,0x0000000088800000)
 Metaspace       used 57307K, capacity 61228K, committed 61440K, reserved 1103872K
  class space    used 7230K, capacity 7876K, committed 7936K, reserved 1048576K
}
Event: 3390.544 GC heap before
{Heap before GC invocations=38 (full 7):
 PSYoungGen      total 184320K, used 174929K [0x00000000d6380000, 0x00000000e2b80000, 0x0000000100000000)
  eden space 167936K, 100% used [0x00000000d6380000,0x00000000e0780000,0x00000000e0780000)
  from space 16384K, 42% used [0x00000000e1700000,0x00000000e1dd4480,0x00000000e2700000)
  to   space 15872K, 0% used [0x00000000e0780000,0x00000000e0780000,0x00000000e1700000)
 ParOldGen       total 96256K, used 56553K [0x0000000082a00000, 0x0000000088800000, 0x00000000d6380000)
  object space 96256K, 58% used [0x0000000082a00000,0x000000008613a570,0x0000000088800000)
 Metaspace       used 58040K, capacity 62032K, committed 62208K, reserved 1103872K
  class space    used 7279K, capacity 7930K, committed 7936K, reserved 1048576K
Event: 3390.552 GC heap after
Heap after GC invocations=38 (full 7):
 PSYoungGen      total 172544K, used 9740K [0x00000000d6380000, 0x00000000e2000000, 0x0000000100000000)
  eden space 162304K, 0% used [0x00000000d6380000,0x00000000d6380000,0x00000000e0200000)
  from space 10240K, 95% used [0x00000000e0780000,0x00000000e1103378,0x00000000e1180000)
  to   space 14848K, 0% used [0x00000000e1180000,0x00000000e1180000,0x00000000e2000000)
 ParOldGen       total 96256K, used 56561K [0x0000000082a00000, 0x0000000088800000, 0x00000000d6380000)
  object space 96256K, 58% used [0x0000000082a00000,0x000000008613c570,0x0000000088800000)
 Metaspace       used 58040K, capacity 62032K, committed 62208K, reserved 1103872K
  class space    used 7279K, capacity 7930K, committed 7936K, reserved 1048576K
}

