# JRE version: Java(TM) SE Runtime Environment (8.0_20-b26) (build 1.8.0_20-b26)
# Java VM: Java HotSpot(TM) 64-Bit Server VM (25.20-b23 mixed mode windows-amd64 compressed oops)
Heap:
 PSYoungGen      total 137216K, used 41779K [0x00000000d6380000, 0x00000000e0500000, 0x0000000100000000)
  eden space 126976K, 25% used [0x00000000d6380000,0x00000000d82b9ad0,0x00000000ddf80000)
  from space 10240K, 95% used [0x00000000dfb00000,0x00000000e04933d8,0x00000000e0500000)
  to   space 14336K, 0% used [0x00000000de900000,0x00000000de900000,0x00000000df700000)
 ParOldGen       total 100864K, used 51126K [0x0000000082a00000, 0x0000000088c80000, 0x00000000d6380000)
  object space 100864K, 50% used [0x0000000082a00000,0x0000000085bedb40,0x0000000088c80000)
 Metaspace       used 57814K, capacity 61876K, committed 62080K, reserved 1103872K
  class space    used 7286K, capacity 7945K, committed 8064K, reserved 1048576K
GC Heap History (10 events):
Event: 5223.662 GC heap before
{Heap before GC invocations=38 (full 5):
 PSYoungGen      total 143360K, used 18770K [0x00000000d6380000, 0x00000000e0380000, 0x0000000100000000)
  eden space 131072K, 5% used [0x00000000d6380000,0x00000000d6a352e8,0x00000000de380000)
  from space 12288K, 96% used [0x00000000df780000,0x00000000e031f5a8,0x00000000e0380000)
  to   space 14848K, 0% used [0x00000000de680000,0x00000000de680000,0x00000000df500000)
 ParOldGen       total 100864K, used 42409K [0x0000000082a00000, 0x0000000088c80000, 0x00000000d6380000)
  object space 100864K, 42% used [0x0000000082a00000,0x000000008536a648,0x0000000088c80000)
 Metaspace       used 56279K, capacity 60068K, committed 60288K, reserved 1101824K
  class space    used 7142K, capacity 7741K, committed 7808K, reserved 1048576K
Event: 5223.668 GC heap after
Heap after GC invocations=38 (full 5):
 PSYoungGen      total 141824K, used 10269K [0x00000000d6380000, 0x00000000e0080000, 0x0000000100000000)
  eden space 131072K, 0% used [0x00000000d6380000,0x00000000d6380000,0x00000000de380000)
  from space 10752K, 95% used [0x00000000de680000,0x00000000df0874f8,0x00000000df100000)
  to   space 14848K, 0% used [0x00000000df200000,0x00000000df200000,0x00000000e0080000)
 ParOldGen       total 100864K, used 42417K [0x0000000082a00000, 0x0000000088c80000, 0x00000000d6380000)
  object space 100864K, 42% used [0x0000000082a00000,0x000000008536c648,0x0000000088c80000)
 Metaspace       used 56279K, capacity 60068K, committed 60288K, reserved 1101824K
  class space    used 7142K, capacity 7741K, committed 7808K, reserved 1048576K
}
Event: 5223.668 GC heap before
{Heap before GC invocations=39 (full 6):
 PSYoungGen      total 141824K, used 10269K [0x00000000d6380000, 0x00000000e0080000, 0x0000000100000000)
  eden space 131072K, 0% used [0x00000000d6380000,0x00000000d6380000,0x00000000de380000)
  from space 10752K, 95% used [0x00000000de680000,0x00000000df0874f8,0x00000000df100000)
  to   space 14848K, 0% used [0x00000000df200000,0x00000000df200000,0x00000000e0080000)
 ParOldGen       total 100864K, used 42417K [0x0000000082a00000, 0x0000000088c80000, 0x00000000d6380000)
  object space 100864K, 42% used [0x0000000082a00000,0x000000008536c648,0x0000000088c80000)
 Metaspace       used 56279K, capacity 60068K, committed 60288K, reserved 1101824K
  class space    used 7142K, capacity 7741K, committed 7808K, reserved 1048576K
Event: 5223.960 GC heap after
Heap after GC invocations=39 (full 6):
 PSYoungGen      total 141824K, used 0K [0x00000000d6380000, 0x00000000e0080000, 0x0000000100000000)
  eden space 131072K, 0% used [0x00000000d6380000,0x00000000d6380000,0x00000000de380000)
  from space 10752K, 0% used [0x00000000de680000,0x00000000de680000,0x00000000df100000)
  to   space 14848K, 0% used [0x00000000df200000,0x00000000df200000,0x00000000e0080000)
 ParOldGen       total 100864K, used 51102K [0x0000000082a00000, 0x0000000088c80000, 0x00000000d6380000)
  object space 100864K, 50% used [0x0000000082a00000,0x0000000085be7b40,0x0000000088c80000)
 Metaspace       used 56226K, capacity 59984K, committed 60288K, reserved 1101824K
  class space    used 7134K, capacity 7727K, committed 7808K, reserved 1048576K
}
Event: 5224.725 GC heap before
{Heap before GC invocations=40 (full 6):
 PSYoungGen      total 141824K, used 131072K [0x00000000d6380000, 0x00000000e0080000, 0x0000000100000000)
  eden space 131072K, 100% used [0x00000000d6380000,0x00000000de380000,0x00000000de380000)
  from space 10752K, 0% used [0x00000000de680000,0x00000000de680000,0x00000000df100000)
  to   space 14848K, 0% used [0x00000000df200000,0x00000000df200000,0x00000000e0080000)
 ParOldGen       total 100864K, used 51102K [0x0000000082a00000, 0x0000000088c80000, 0x00000000d6380000)
  object space 100864K, 50% used [0x0000000082a00000,0x0000000085be7b40,0x0000000088c80000)
 Metaspace       used 56685K, capacity 60504K, committed 60672K, reserved 1101824K
  class space    used 7188K, capacity 7807K, committed 7936K, reserved 1048576K
Event: 5224.728 GC heap after
Heap after GC invocations=40 (full 6):
 PSYoungGen      total 145920K, used 5907K [0x00000000d6380000, 0x00000000e0500000, 0x0000000100000000)
  eden space 131072K, 0% used [0x00000000d6380000,0x00000000d6380000,0x00000000de380000)
  from space 14848K, 39% used [0x00000000df200000,0x00000000df7c4f00,0x00000000e0080000)
  to   space 14848K, 0% used [0x00000000de380000,0x00000000de380000,0x00000000df200000)
 ParOldGen       total 100864K, used 51110K [0x0000000082a00000, 0x0000000088c80000, 0x00000000d6380000)
  object space 100864K, 50% used [0x0000000082a00000,0x0000000085be9b40,0x0000000088c80000)
 Metaspace       used 56685K, capacity 60504K, committed 60672K, reserved 1101824K
  class space    used 7188K, capacity 7807K, committed 7936K, reserved 1048576K
}
Event: 5224.987 GC heap before
{Heap before GC invocations=41 (full 6):
 PSYoungGen      total 145920K, used 136979K [0x00000000d6380000, 0x00000000e0500000, 0x0000000100000000)
  eden space 131072K, 100% used [0x00000000d6380000,0x00000000de380000,0x00000000de380000)
  from space 14848K, 39% used [0x00000000df200000,0x00000000df7c4f00,0x00000000e0080000)
  to   space 14848K, 0% used [0x00000000de380000,0x00000000de380000,0x00000000df200000)
 ParOldGen       total 100864K, used 51110K [0x0000000082a00000, 0x0000000088c80000, 0x00000000d6380000)
  object space 100864K, 50% used [0x0000000082a00000,0x0000000085be9b40,0x0000000088c80000)
 Metaspace       used 57361K, capacity 61256K, committed 61440K, reserved 1103872K
  class space    used 7233K, capacity 7863K, committed 7936K, reserved 1048576K
Event: 5224.991 GC heap after
Heap after GC invocations=41 (full 6):
 PSYoungGen      total 145920K, used 8464K [0x00000000d6380000, 0x00000000e0980000, 0x0000000100000000)
  eden space 131072K, 0% used [0x00000000d6380000,0x00000000d6380000,0x00000000de380000)
  from space 14848K, 57% used [0x00000000de380000,0x00000000debc4010,0x00000000df200000)
  to   space 14848K, 0% used [0x00000000dfb00000,0x00000000dfb00000,0x00000000e0980000)
 ParOldGen       total 100864K, used 51118K [0x0000000082a00000, 0x0000000088c80000, 0x00000000d6380000)
  object space 100864K, 50% used [0x0000000082a00000,0x0000000085bebb40,0x0000000088c80000)
 Metaspace       used 57361K, capacity 61256K, committed 61440K, reserved 1103872K
  class space    used 7233K, capacity 7863K, committed 7936K, reserved 1048576K
}
Event: 5415.689 GC heap before
{Heap before GC invocations=42 (full 6):
 PSYoungGen      total 145920K, used 139536K [0x00000000d6380000, 0x00000000e0980000, 0x0000000100000000)
  eden space 131072K, 100% used [0x00000000d6380000,0x00000000de380000,0x00000000de380000)
  from space 14848K, 57% used [0x00000000de380000,0x00000000debc4010,0x00000000df200000)
  to   space 14848K, 0% used [0x00000000dfb00000,0x00000000dfb00000,0x00000000e0980000)
 ParOldGen       total 100864K, used 51118K [0x0000000082a00000, 0x0000000088c80000, 0x00000000d6380000)
  object space 100864K, 50% used [0x0000000082a00000,0x0000000085bebb40,0x0000000088c80000)
 Metaspace       used 57635K, capacity 61748K, committed 62080K, reserved 1103872K
  class space    used 7283K, capacity 7945K, committed 8064K, reserved 1048576K
Event: 5415.697 GC heap after
Heap after GC invocations=42 (full 6):
 PSYoungGen      total 137216K, used 9804K [0x00000000d6380000, 0x00000000e0500000, 0x0000000100000000)
  eden space 126976K, 0% used [0x00000000d6380000,0x00000000d6380000,0x00000000ddf80000)
  from space 10240K, 95% used [0x00000000dfb00000,0x00000000e04933d8,0x00000000e0500000)
  to   space 14336K, 0% used [0x00000000de900000,0x00000000de900000,0x00000000df700000)
 ParOldGen       total 100864K, used 51126K [0x0000000082a00000, 0x0000000088c80000, 0x00000000d6380000)
  object space 100864K, 50% used [0x0000000082a00000,0x0000000085bedb40,0x0000000088c80000)
 Metaspace       used 57635K, capacity 61748K, committed 62080K, reserved 1103872K
  class space    used 7283K, capacity 7945K, committed 8064K, reserved 1048576K
}

